#
# There is insufficient memory for the Java Runtime Environment to continue.
# Native memory allocation (mmap) failed to map 32505856 bytes for Failed to commit area from 0x000000008bc00000 to 0x000000008db00000 of length 32505856.
# Possible reasons:
#   The system is out of physical RAM or swap space
#   The process is running with CompressedOops enabled, and the Java Heap may be blocking the growth of the native heap
# Possible solutions:
#   Reduce memory load on the system
#   Increase physical memory or swap space
#   Check if swap backing store is full
#   Decrease Java heap size (-Xmx/-Xms)
#   Decrease number of Java threads
#   Decrease Java thread stack sizes (-Xss)
#   Set larger code cache with -XX:ReservedCodeCacheSize=
#   JVM is running with Unscaled Compressed Oops mode in which the Java heap is
#     placed in the first 4GB address space. The Java Heap base address is the
#     maximum limit for the native heap growth. Please use -XX:HeapBaseMinAddress
#     to set the Java Heap base and to place the Java Heap above 4GB virtual address.
# This output file may be truncated or incomplete.
#
#  Out of Memory Error (./src/hotspot/os/windows/os_windows.cpp:3303), pid=7060, tid=6832
#
# JRE version: OpenJDK Runtime Environment JBR-11.0.9.11-944.49-jcef (11.0.9+11) (build 11.0.9+11-b944.49)
# Java VM: OpenJDK 64-Bit Server VM JBR-11.0.9.11-944.49-jcef (11.0.9+11-b944.49, mixed mode, tiered, compressed oops, g1 gc, windows-amd64)
# No core dump will be written. Minidumps are not enabled by default on client versions of Windows
#

---------------  S U M M A R Y ------------

Command Line: -XX:TieredStopAtLevel=1 -Xverify:none -Dspring.output.ansi.enabled=always -Dcom.sun.management.jmxremote -Dspring.jmx.enabled=true -Dspring.liveBeansView.mbeanDomain -Dspring.application.admin.enabled=true -javaagent:D:\IntelliJ IDEA 2020.2.3\lib\idea_rt.jar=12966:D:\IntelliJ IDEA 2020.2.3\bin -Dfile.encoding=UTF-8 com.gm.gmreader.GmreaderApplication

Host: Intel(R) Core(TM) i5-7200U CPU @ 2.50GHz, 4 cores, 7G,  Windows 10 , 64 bit Build 19041 (10.0.19041.804)
Time: Fri Apr  2 15:16:12 2021 中国标准时间 elapsed time: 20.246404 seconds (0d 0h 0m 20s)

---------------  T H R E A D  ---------------

Current thread (0x0000021ff22d9800):  VMThread "VM Thread" [stack: 0x000000d9dba00000,0x000000d9dbb00000] [id=6832]

Stack: [0x000000d9dba00000,0x000000d9dbb00000]
[error occurred during error reporting (printing stack bounds), id 0xc0000005, EXCEPTION_ACCESS_VIOLATION (0xc0000005) at pc=0x0000021fdc350dad]

Native frames: (J=compiled Java code, j=interpreted, Vv=VM code, C=native code)
V  [jvm.dll+0x5ed32a]
V  [jvm.dll+0x722655]
V  [jvm.dll+0x723bad]
V  [jvm.dll+0x7241c5]
V  [jvm.dll+0x72417b]
V  [jvm.dll+0x5ec778]
V  [jvm.dll+0x5ecf18]
C  [ntdll.dll+0xa1f6f]
C  [ntdll.dll+0x51454]
C  [ntdll.dll+0xa0a9e]
C  0x0000021fdc350dad

VM_Operation (0x000000d9dd5f6670): G1CollectForAllocation, mode: safepoint, requested by thread 0x0000021ff4d80800


---------------  P R O C E S S  ---------------

Threads class SMR info:
_java_thread_list=0x0000021ff6c9f510, length=33, elements={
0x0000021ff22fe800, 0x0000021ff2302000, 0x0000021ff232d000, 0x0000021ff2330000,
0x0000021ff2331800, 0x0000021ff2333800, 0x0000021ff2ca8000, 0x0000021ff300e000,
0x0000021ff300f000, 0x0000021ff323d000, 0x0000021ff476b800, 0x0000021ff47cc800,
0x0000021ff4cff800, 0x0000021ff4d3a000, 0x0000021ff4d3b000, 0x0000021ff4d7e000,
0x0000021ff4d7f800, 0x0000021ff4d7f000, 0x0000021ff4d7d000, 0x0000021ff4d80800,
0x0000021ff4d81800, 0x0000021ff4d82000, 0x0000021ff4d7c800, 0x0000021ff4d83000,
0x0000021ff6cc2000, 0x0000021ff6cc0000, 0x0000021ff6cbd000, 0x0000021ff6cbc000,
0x0000021ff6cbd800, 0x0000021ff6cc2800, 0x0000021ff6cbe800, 0x0000021ff6cc3800,
0x0000021ff6cc4000
}

Java Threads: ( => current thread )
  0x0000021ff22fe800 JavaThread "Reference Handler" daemon [_thread_blocked, id=2576, stack(0x000000d9dbb00000,0x000000d9dbc00000)]
  0x0000021ff2302000 JavaThread "Finalizer" daemon [_thread_blocked, id=6304, stack(0x000000d9dbc00000,0x000000d9dbd00000)]
  0x0000021ff232d000 JavaThread "Signal Dispatcher" daemon [_thread_blocked, id=3232, stack(0x000000d9dbd00000,0x000000d9dbe00000)]
  0x0000021ff2330000 JavaThread "Attach Listener" daemon [_thread_blocked, id=11432, stack(0x000000d9dbe00000,0x000000d9dbf00000)]
  0x0000021ff2331800 JavaThread "C1 CompilerThread0" daemon [_thread_blocked, id=15036, stack(0x000000d9dbf00000,0x000000d9dc000000)]
  0x0000021ff2333800 JavaThread "Sweeper thread" daemon [_thread_blocked, id=4076, stack(0x000000d9dc000000,0x000000d9dc100000)]
  0x0000021ff2ca8000 JavaThread "Common-Cleaner" daemon [_thread_blocked, id=10060, stack(0x000000d9dc100000,0x000000d9dc200000)]
  0x0000021ff300e000 JavaThread "Monitor Ctrl-Break" daemon [_thread_in_native, id=7424, stack(0x000000d9dc300000,0x000000d9dc400000)]
  0x0000021ff300f000 JavaThread "Service Thread" daemon [_thread_blocked, id=6416, stack(0x000000d9dc400000,0x000000d9dc500000)]
  0x0000021ff323d000 JavaThread "RMI TCP Accept-0" daemon [_thread_in_native, id=3048, stack(0x000000d9dc700000,0x000000d9dc800000)]
  0x0000021ff476b800 JavaThread "RMI TCP Connection(3)-172.21.192.1" daemon [_thread_in_native, id=5600, stack(0x000000d9dcc00000,0x000000d9dcd00000)]
  0x0000021ff47cc800 JavaThread "RMI Scheduler(0)" daemon [_thread_blocked, id=10264, stack(0x000000d9dcd00000,0x000000d9dce00000)]
  0x0000021ff4cff800 JavaThread "Catalina-utility-1" [_thread_blocked, id=9108, stack(0x000000d9dce00000,0x000000d9dcf00000)]
  0x0000021ff4d3a000 JavaThread "Catalina-utility-2" [_thread_blocked, id=13276, stack(0x000000d9dcf00000,0x000000d9dd000000)]
  0x0000021ff4d3b000 JavaThread "container-0" [_thread_blocked, id=12776, stack(0x000000d9dd000000,0x000000d9dd100000)]
  0x0000021ff4d7e000 JavaThread "mysql-cj-abandoned-connection-cleanup" daemon [_thread_blocked, id=13160, stack(0x000000d9dd100000,0x000000d9dd200000)]
  0x0000021ff4d7f800 JavaThread "File Watcher" daemon [_thread_blocked, id=15256, stack(0x000000d9dd200000,0x000000d9dd300000)]
  0x0000021ff4d7f000 JavaThread "Live Reload Server" daemon [_thread_in_native, id=14492, stack(0x000000d9dd400000,0x000000d9dd500000)]
  0x0000021ff4d7d000 JavaThread "http-nio-8088-BlockPoller" daemon [_thread_in_native, id=3080, stack(0x000000d9dd300000,0x000000d9dd400000)]
  0x0000021ff4d80800 JavaThread "http-nio-8088-exec-1" daemon [_thread_blocked, id=14704, stack(0x000000d9dd500000,0x000000d9dd600000)]
  0x0000021ff4d81800 JavaThread "http-nio-8088-exec-2" daemon [_thread_blocked, id=10500, stack(0x000000d9dd600000,0x000000d9dd700000)]
  0x0000021ff4d82000 JavaThread "http-nio-8088-exec-3" daemon [_thread_blocked, id=13860, stack(0x000000d9dd700000,0x000000d9dd800000)]
  0x0000021ff4d7c800 JavaThread "http-nio-8088-exec-4" daemon [_thread_blocked, id=5828, stack(0x000000d9dd800000,0x000000d9dd900000)]
  0x0000021ff4d83000 JavaThread "http-nio-8088-exec-5" daemon [_thread_blocked, id=1764, stack(0x000000d9dd900000,0x000000d9dda00000)]
  0x0000021ff6cc2000 JavaThread "http-nio-8088-exec-6" daemon [_thread_blocked, id=14736, stack(0x000000d9dda00000,0x000000d9ddb00000)]
  0x0000021ff6cc0000 JavaThread "http-nio-8088-exec-7" daemon [_thread_blocked, id=14764, stack(0x000000d9ddb00000,0x000000d9ddc00000)]
  0x0000021ff6cbd000 JavaThread "http-nio-8088-exec-8" daemon [_thread_blocked, id=7564, stack(0x000000d9ddc00000,0x000000d9ddd00000)]
  0x0000021ff6cbc000 JavaThread "http-nio-8088-exec-9" daemon [_thread_blocked, id=4056, stack(0x000000d9ddd00000,0x000000d9dde00000)]
  0x0000021ff6cbd800 JavaThread "http-nio-8088-exec-10" daemon [_thread_blocked, id=9348, stack(0x000000d9dde00000,0x000000d9ddf00000)]
  0x0000021ff6cc2800 JavaThread "http-nio-8088-ClientPoller" daemon [_thread_in_native, id=3476, stack(0x000000d9ddf00000,0x000000d9de000000)]
  0x0000021ff6cbe800 JavaThread "http-nio-8088-Acceptor" daemon [_thread_in_native, id=11588, stack(0x000000d9de000000,0x000000d9de100000)]
  0x0000021ff6cc3800 JavaThread "DestroyJavaVM" [_thread_blocked, id=2596, stack(0x000000d9db400000,0x000000d9db500000)]
  0x0000021ff6cc4000 JavaThread "RMI TCP Connection(idle)" daemon [_thread_blocked, id=13124, stack(0x000000d9dc900000,0x000000d9dca00000)]

Other Threads:
=>0x0000021ff22d9800 VMThread "VM Thread" [stack: 0x000000d9dba00000,0x000000d9dbb00000] [id=6832]
  0x0000021ff323e800 WatcherThread [stack: 0x000000d9dc800000,0x000000d9dc900000] [id=6896]
  0x0000021fd8b00800 GCTaskThread "GC Thread#0" [stack: 0x000000d9db500000,0x000000d9db600000] [id=1660]
  0x0000021ff31dc800 GCTaskThread "GC Thread#1" [stack: 0x000000d9dc500000,0x000000d9dc600000] [id=3556]
  0x0000021ff31dd800 GCTaskThread "GC Thread#2" [stack: 0x000000d9dc600000,0x000000d9dc700000] [id=5296]
  0x0000021ff3715800 GCTaskThread "GC Thread#3" [stack: 0x000000d9dcb00000,0x000000d9dcc00000] [id=10744]
  0x0000021fd8b2f800 ConcurrentGCThread "G1 Main Marker" [stack: 0x000000d9db600000,0x000000d9db700000] [id=1456]
  0x0000021fd8b32800 ConcurrentGCThread "G1 Conc#0" [stack: 0x000000d9db700000,0x000000d9db800000] [id=3264]
  0x0000021ff2150800 ConcurrentGCThread "G1 Refine#0" [stack: 0x000000d9db800000,0x000000d9db900000] [id=8784]
  0x0000021ff2151800 ConcurrentGCThread "G1 Young RemSet Sampling" [stack: 0x000000d9db900000,0x000000d9dba00000] [id=8024]

Threads with active compile tasks:

VM state:at safepoint (normal execution)

VM Mutex/Monitor currently owned by a thread:  ([mutex/lock_event])
[0x0000021fd8ae4fc0] Threads_lock - owner thread: 0x0000021ff22d9800
[0x0000021fd8ae3550] Heap_lock - owner thread: 0x0000021ff4d80800

Heap address: 0x0000000082400000, size: 2012 MB, Compressed Oops mode: 32-bit
Narrow klass base: 0x0000000000000000, Narrow klass shift: 3
Compressed class space size: 1073741824 Address: 0x0000000100000000

Heap:
 garbage-first heap   total 187392K, used 41495K [0x0000000082400000, 0x0000000100000000)
  region size 1024K, 9 young (9216K), 9 survivors (9216K)
 Metaspace       used 52304K, capacity 54092K, committed 54224K, reserved 1095680K
  class space    used 6559K, capacity 7283K, committed 7296K, reserved 1048576K
Heap Regions: E=young(eden), S=young(survivor), O=old, HS=humongous(starts), HC=humongous(continues), CS=collection set, F=free, A=archive, TAMS=top-at-mark-start (previous, next)
|   0|0x0000000082400000, 0x0000000082500000, 0x0000000082500000|100%| O|  |TAMS 0x0000000082500000, 0x0000000082400000| Untracked 
|   1|0x0000000082500000, 0x0000000082600000, 0x0000000082600000|100%| O|  |TAMS 0x0000000082600000, 0x0000000082500000| Untracked 
|   2|0x0000000082600000, 0x0000000082700000, 0x0000000082700000|100%| O|  |TAMS 0x0000000082700000, 0x0000000082600000| Untracked 
|   3|0x0000000082700000, 0x0000000082800000, 0x0000000082800000|100%| O|  |TAMS 0x0000000082800000, 0x0000000082700000| Untracked 
|   4|0x0000000082800000, 0x0000000082900000, 0x0000000082900000|100%| O|  |TAMS 0x0000000082900000, 0x0000000082800000| Untracked 
|   5|0x0000000082900000, 0x0000000082a00000, 0x0000000082a00000|100%| O|  |TAMS 0x0000000082a00000, 0x0000000082900000| Untracked 
|   6|0x0000000082a00000, 0x0000000082b00000, 0x0000000082b00000|100%| O|  |TAMS 0x0000000082b00000, 0x0000000082a00000| Untracked 
|   7|0x0000000082b00000, 0x0000000082c00000, 0x0000000082c00000|100%| O|  |TAMS 0x0000000082c00000, 0x0000000082b00000| Untracked 
|   8|0x0000000082c00000, 0x0000000082d00000, 0x0000000082d00000|100%| O|  |TAMS 0x0000000082d00000, 0x0000000082c00000| Untracked 
|   9|0x0000000082d00000, 0x0000000082e00000, 0x0000000082e00000|100%| O|  |TAMS 0x0000000082e00000, 0x0000000082d00000| Untracked 
|  10|0x0000000082e00000, 0x0000000082f00000, 0x0000000082f00000|100%| O|  |TAMS 0x0000000082f00000, 0x0000000082e00000| Untracked 
|  11|0x0000000082f00000, 0x0000000083000000, 0x0000000083000000|100%| O|  |TAMS 0x0000000083000000, 0x0000000082f00000| Untracked 
|  12|0x0000000083000000, 0x0000000083100000, 0x0000000083100000|100%| O|  |TAMS 0x0000000083100000, 0x0000000083000000| Untracked 
|  13|0x0000000083100000, 0x0000000083200000, 0x0000000083200000|100%| O|  |TAMS 0x0000000083140600, 0x0000000083100000| Untracked 
|  14|0x0000000083200000, 0x0000000083300000, 0x0000000083300000|100%| O|  |TAMS 0x0000000083200000, 0x0000000083200000| Untracked 
|  15|0x0000000083300000, 0x0000000083400000, 0x0000000083400000|100%| O|  |TAMS 0x0000000083300000, 0x0000000083300000| Untracked 
|  16|0x0000000083400000, 0x0000000083500000, 0x0000000083500000|100%| O|  |TAMS 0x0000000083400000, 0x0000000083400000| Untracked 
|  17|0x0000000083500000, 0x0000000083600000, 0x0000000083600000|100%| O|  |TAMS 0x0000000083500000, 0x0000000083500000| Untracked 
|  18|0x0000000083600000, 0x0000000083700000, 0x0000000083700000|100%| O|  |TAMS 0x0000000083600000, 0x0000000083600000| Untracked 
|  19|0x0000000083700000, 0x0000000083800000, 0x0000000083800000|100%| O|  |TAMS 0x0000000083700000, 0x0000000083700000| Untracked 
|  20|0x0000000083800000, 0x0000000083900000, 0x0000000083900000|100%| O|  |TAMS 0x0000000083800000, 0x0000000083800000| Untracked 
|  21|0x0000000083900000, 0x0000000083a00000, 0x0000000083a00000|100%| O|  |TAMS 0x0000000083900000, 0x0000000083900000| Untracked 
|  22|0x0000000083a00000, 0x0000000083b00000, 0x0000000083b00000|100%| O|  |TAMS 0x0000000083a00000, 0x0000000083a00000| Untracked 
|  23|0x0000000083b00000, 0x0000000083c00000, 0x0000000083c00000|100%| O|  |TAMS 0x0000000083b00000, 0x0000000083b00000| Untracked 
|  24|0x0000000083c00000, 0x0000000083d00000, 0x0000000083d00000|100%| O|  |TAMS 0x0000000083c00000, 0x0000000083c00000| Untracked 
|  25|0x0000000083d00000, 0x0000000083e00000, 0x0000000083e00000|100%| O|  |TAMS 0x0000000083d00000, 0x0000000083d00000| Untracked 
|  26|0x0000000083e00000, 0x0000000083f00000, 0x0000000083f00000|100%| O|  |TAMS 0x0000000083e00000, 0x0000000083e00000| Untracked 
|  27|0x0000000083f00000, 0x0000000084000000, 0x0000000084000000|100%| O|  |TAMS 0x0000000083f00000, 0x0000000083f00000| Untracked 
|  28|0x0000000084000000, 0x0000000084100000, 0x0000000084100000|100%| O|  |TAMS 0x0000000084000000, 0x0000000084000000| Untracked 
|  29|0x0000000084100000, 0x0000000084200000, 0x0000000084200000|100%| O|  |TAMS 0x0000000084100000, 0x0000000084100000| Untracked 
|  30|0x0000000084200000, 0x0000000084300000, 0x0000000084300000|100%| O|  |TAMS 0x0000000084200000, 0x0000000084200000| Untracked 
|  31|0x0000000084300000, 0x00000000843a4a00, 0x0000000084400000| 64%| O|  |TAMS 0x0000000084300000, 0x0000000084300000| Untracked 
|  32|0x0000000084400000, 0x0000000084400000, 0x0000000084500000|  0%| F|  |TAMS 0x0000000084400000, 0x0000000084400000| Untracked 
|  33|0x0000000084500000, 0x0000000084500000, 0x0000000084600000|  0%| F|  |TAMS 0x0000000084500000, 0x0000000084500000| Untracked 
|  34|0x0000000084600000, 0x0000000084600000, 0x0000000084700000|  0%| F|  |TAMS 0x0000000084600000, 0x0000000084600000| Untracked 
|  35|0x0000000084700000, 0x0000000084700000, 0x0000000084800000|  0%| F|  |TAMS 0x0000000084700000, 0x0000000084700000| Untracked 
|  36|0x0000000084800000, 0x0000000084800000, 0x0000000084900000|  0%| F|  |TAMS 0x0000000084800000, 0x0000000084800000| Untracked 
|  37|0x0000000084900000, 0x0000000084900000, 0x0000000084a00000|  0%| F|  |TAMS 0x0000000084900000, 0x0000000084900000| Untracked 
|  38|0x0000000084a00000, 0x0000000084a00000, 0x0000000084b00000|  0%| F|  |TAMS 0x0000000084a00000, 0x0000000084a00000| Untracked 
|  39|0x0000000084b00000, 0x0000000084b00000, 0x0000000084c00000|  0%| F|  |TAMS 0x0000000084b00000, 0x0000000084b00000| Untracked 
|  40|0x0000000084c00000, 0x0000000084c00000, 0x0000000084d00000|  0%| F|  |TAMS 0x0000000084c00000, 0x0000000084c00000| Untracked 
|  41|0x0000000084d00000, 0x0000000084d00000, 0x0000000084e00000|  0%| F|  |TAMS 0x0000000084d00000, 0x0000000084d00000| Untracked 
|  42|0x0000000084e00000, 0x0000000084e00000, 0x0000000084f00000|  0%| F|  |TAMS 0x0000000084e00000, 0x0000000084e00000| Untracked 
|  43|0x0000000084f00000, 0x0000000084f00000, 0x0000000085000000|  0%| F|  |TAMS 0x0000000084f00000, 0x0000000084f00000| Untracked 
|  44|0x0000000085000000, 0x0000000085000000, 0x0000000085100000|  0%| F|  |TAMS 0x0000000085000000, 0x0000000085000000| Untracked 
|  45|0x0000000085100000, 0x0000000085100000, 0x0000000085200000|  0%| F|  |TAMS 0x0000000085100000, 0x0000000085100000| Untracked 
|  46|0x0000000085200000, 0x0000000085200000, 0x0000000085300000|  0%| F|  |TAMS 0x0000000085200000, 0x0000000085200000| Untracked 
|  47|0x0000000085300000, 0x0000000085300000, 0x0000000085400000|  0%| F|  |TAMS 0x0000000085300000, 0x0000000085300000| Untracked 
|  48|0x0000000085400000, 0x0000000085400000, 0x0000000085500000|  0%| F|  |TAMS 0x0000000085400000, 0x0000000085400000| Untracked 
|  49|0x0000000085500000, 0x0000000085500000, 0x0000000085600000|  0%| F|  |TAMS 0x0000000085500000, 0x0000000085500000| Untracked 
|  50|0x0000000085600000, 0x0000000085600000, 0x0000000085700000|  0%| F|  |TAMS 0x0000000085600000, 0x0000000085600000| Untracked 
|  51|0x0000000085700000, 0x0000000085700000, 0x0000000085800000|  0%| F|  |TAMS 0x0000000085700000, 0x0000000085700000| Untracked 
|  52|0x0000000085800000, 0x0000000085800000, 0x0000000085900000|  0%| F|  |TAMS 0x0000000085800000, 0x0000000085800000| Untracked 
|  53|0x0000000085900000, 0x00000000859e1590, 0x0000000085a00000| 88%| S|CS|TAMS 0x0000000085900000, 0x0000000085900000| Complete 
|  54|0x0000000085a00000, 0x0000000085b00000, 0x0000000085b00000|100%| S|CS|TAMS 0x0000000085a00000, 0x0000000085a00000| Complete 
|  55|0x0000000085b00000, 0x0000000085b00000, 0x0000000085c00000|  0%| F|  |TAMS 0x0000000085b00000, 0x0000000085b00000| Untracked 
|  56|0x0000000085c00000, 0x0000000085c00000, 0x0000000085d00000|  0%| F|  |TAMS 0x0000000085c00000, 0x0000000085c00000| Untracked 
|  57|0x0000000085d00000, 0x0000000085d00000, 0x0000000085e00000|  0%| F|  |TAMS 0x0000000085d00000, 0x0000000085d00000| Untracked 
|  58|0x0000000085e00000, 0x0000000085e00000, 0x0000000085f00000|  0%| F|  |TAMS 0x0000000085e00000, 0x0000000085e00000| Untracked 
|  59|0x0000000085f00000, 0x0000000085f00000, 0x0000000086000000|  0%| F|  |TAMS 0x0000000085f00000, 0x0000000085f00000| Untracked 
|  60|0x0000000086000000, 0x0000000086000000, 0x0000000086100000|  0%| F|  |TAMS 0x0000000086000000, 0x0000000086000000| Untracked 
|  61|0x0000000086100000, 0x0000000086100000, 0x0000000086200000|  0%| F|  |TAMS 0x0000000086100000, 0x0000000086100000| Untracked 
|  62|0x0000000086200000, 0x0000000086200000, 0x0000000086300000|  0%| F|  |TAMS 0x0000000086200000, 0x0000000086200000| Untracked 
|  63|0x0000000086300000, 0x0000000086300000, 0x0000000086400000|  0%| F|  |TAMS 0x0000000086300000, 0x0000000086300000| Untracked 
|  64|0x0000000086400000, 0x0000000086500000, 0x0000000086500000|100%| S|CS|TAMS 0x0000000086400000, 0x0000000086400000| Complete 
|  65|0x0000000086500000, 0x0000000086600000, 0x0000000086600000|100%| S|CS|TAMS 0x0000000086500000, 0x0000000086500000| Complete 
|  66|0x0000000086600000, 0x0000000086700000, 0x0000000086700000|100%| S|CS|TAMS 0x0000000086600000, 0x0000000086600000| Complete 
|  67|0x0000000086700000, 0x0000000086800000, 0x0000000086800000|100%| S|CS|TAMS 0x0000000086700000, 0x0000000086700000| Complete 
|  68|0x0000000086800000, 0x0000000086900000, 0x0000000086900000|100%| S|CS|TAMS 0x0000000086800000, 0x0000000086800000| Complete 
|  69|0x0000000086900000, 0x0000000086a00000, 0x0000000086a00000|100%| S|CS|TAMS 0x0000000086900000, 0x0000000086900000| Complete 
|  70|0x0000000086a00000, 0x0000000086b00000, 0x0000000086b00000|100%| S|CS|TAMS 0x0000000086a00000, 0x0000000086a00000| Complete 
|  71|0x0000000086b00000, 0x0000000086b00000, 0x0000000086c00000|  0%| F|  |TAMS 0x0000000086b00000, 0x0000000086b00000| Untracked 
|  72|0x0000000086c00000, 0x0000000086c00000, 0x0000000086d00000|  0%| F|  |TAMS 0x0000000086c00000, 0x0000000086c00000| Untracked 
|  73|0x0000000086d00000, 0x0000000086d00000, 0x0000000086e00000|  0%| F|  |TAMS 0x0000000086d00000, 0x0000000086d00000| Untracked 
|  74|0x0000000086e00000, 0x0000000086e00000, 0x0000000086f00000|  0%| F|  |TAMS 0x0000000086e00000, 0x0000000086e00000| Untracked 
|  75|0x0000000086f00000, 0x0000000086f00000, 0x0000000087000000|  0%| F|  |TAMS 0x0000000086f00000, 0x0000000086f00000| Untracked 
|  76|0x0000000087000000, 0x0000000087000000, 0x0000000087100000|  0%| F|  |TAMS 0x0000000087000000, 0x0000000087000000| Untracked 
|  77|0x0000000087100000, 0x0000000087100000, 0x0000000087200000|  0%| F|  |TAMS 0x0000000087100000, 0x0000000087100000| Untracked 
|  78|0x0000000087200000, 0x0000000087200000, 0x0000000087300000|  0%| F|  |TAMS 0x0000000087200000, 0x0000000087200000| Untracked 
|  79|0x0000000087300000, 0x0000000087300000, 0x0000000087400000|  0%| F|  |TAMS 0x0000000087300000, 0x0000000087300000| Untracked 
|  80|0x0000000087400000, 0x0000000087400000, 0x0000000087500000|  0%| F|  |TAMS 0x0000000087400000, 0x0000000087400000| Untracked 
|  81|0x0000000087500000, 0x0000000087500000, 0x0000000087600000|  0%| F|  |TAMS 0x0000000087500000, 0x0000000087500000| Untracked 
|  82|0x0000000087600000, 0x0000000087600000, 0x0000000087700000|  0%| F|  |TAMS 0x0000000087600000, 0x0000000087600000| Untracked 
|  83|0x0000000087700000, 0x0000000087700000, 0x0000000087800000|  0%| F|  |TAMS 0x0000000087700000, 0x0000000087700000| Untracked 
|  84|0x0000000087800000, 0x0000000087800000, 0x0000000087900000|  0%| F|  |TAMS 0x0000000087800000, 0x0000000087800000| Untracked 
|  85|0x0000000087900000, 0x0000000087900000, 0x0000000087a00000|  0%| F|  |TAMS 0x0000000087900000, 0x0000000087900000| Untracked 
|  86|0x0000000087a00000, 0x0000000087a00000, 0x0000000087b00000|  0%| F|  |TAMS 0x0000000087a00000, 0x0000000087a00000| Untracked 
|  87|0x0000000087b00000, 0x0000000087b00000, 0x0000000087c00000|  0%| F|  |TAMS 0x0000000087b00000, 0x0000000087b00000| Untracked 
|  88|0x0000000087c00000, 0x0000000087c00000, 0x0000000087d00000|  0%| F|  |TAMS 0x0000000087c00000, 0x0000000087c00000| Untracked 
|  89|0x0000000087d00000, 0x0000000087d00000, 0x0000000087e00000|  0%| F|  |TAMS 0x0000000087d00000, 0x0000000087d00000| Untracked 
|  90|0x0000000087e00000, 0x0000000087e00000, 0x0000000087f00000|  0%| F|  |TAMS 0x0000000087e00000, 0x0000000087e00000| Untracked 
|  91|0x0000000087f00000, 0x0000000087f00000, 0x0000000088000000|  0%| F|  |TAMS 0x0000000087f00000, 0x0000000087f00000| Untracked 
|  92|0x0000000088000000, 0x0000000088000000, 0x0000000088100000|  0%| F|  |TAMS 0x0000000088000000, 0x0000000088000000| Untracked 
|  93|0x0000000088100000, 0x0000000088100000, 0x0000000088200000|  0%| F|  |TAMS 0x0000000088100000, 0x0000000088100000| Untracked 
|  94|0x0000000088200000, 0x0000000088200000, 0x0000000088300000|  0%| F|  |TAMS 0x0000000088200000, 0x0000000088200000| Untracked 
|  95|0x0000000088300000, 0x0000000088300000, 0x0000000088400000|  0%| F|  |TAMS 0x0000000088300000, 0x0000000088300000| Untracked 
|  96|0x0000000088400000, 0x0000000088400000, 0x0000000088500000|  0%| F|  |TAMS 0x0000000088400000, 0x0000000088400000| Untracked 
|  97|0x0000000088500000, 0x0000000088500000, 0x0000000088600000|  0%| F|  |TAMS 0x0000000088500000, 0x0000000088500000| Untracked 
|  98|0x0000000088600000, 0x0000000088600000, 0x0000000088700000|  0%| F|  |TAMS 0x0000000088600000, 0x0000000088600000| Untracked 
|  99|0x0000000088700000, 0x0000000088700000, 0x0000000088800000|  0%| F|  |TAMS 0x0000000088700000, 0x0000000088700000| Untracked 
| 100|0x0000000088800000, 0x0000000088800000, 0x0000000088900000|  0%| F|  |TAMS 0x0000000088800000, 0x0000000088800000| Untracked 
| 101|0x0000000088900000, 0x0000000088900000, 0x0000000088a00000|  0%| F|  |TAMS 0x0000000088900000, 0x0000000088900000| Untracked 
| 102|0x0000000088a00000, 0x0000000088a00000, 0x0000000088b00000|  0%| F|  |TAMS 0x0000000088a00000, 0x0000000088a00000| Untracked 
| 103|0x0000000088b00000, 0x0000000088b00000, 0x0000000088c00000|  0%| F|  |TAMS 0x0000000088b00000, 0x0000000088b00000| Untracked 
| 104|0x0000000088c00000, 0x0000000088c00000, 0x0000000088d00000|  0%| F|  |TAMS 0x0000000088c00000, 0x0000000088c00000| Untracked 
| 105|0x0000000088d00000, 0x0000000088d00000, 0x0000000088e00000|  0%| F|  |TAMS 0x0000000088d00000, 0x0000000088d00000| Untracked 
| 106|0x0000000088e00000, 0x0000000088e00000, 0x0000000088f00000|  0%| F|  |TAMS 0x0000000088e00000, 0x0000000088e00000| Untracked 
| 107|0x0000000088f00000, 0x0000000088f00000, 0x0000000089000000|  0%| F|  |TAMS 0x0000000088f00000, 0x0000000088f00000| Untracked 
| 108|0x0000000089000000, 0x0000000089000000, 0x0000000089100000|  0%| F|  |TAMS 0x0000000089000000, 0x0000000089000000| Untracked 
| 109|0x0000000089100000, 0x0000000089100000, 0x0000000089200000|  0%| F|  |TAMS 0x0000000089100000, 0x0000000089100000| Untracked 
| 110|0x0000000089200000, 0x0000000089200000, 0x0000000089300000|  0%| F|  |TAMS 0x0000000089200000, 0x0000000089200000| Untracked 
| 111|0x0000000089300000, 0x0000000089300000, 0x0000000089400000|  0%| F|  |TAMS 0x0000000089300000, 0x0000000089300000| Untracked 
| 112|0x0000000089400000, 0x0000000089400000, 0x0000000089500000|  0%| F|  |TAMS 0x0000000089400000, 0x0000000089400000| Untracked 
| 113|0x0000000089500000, 0x0000000089500000, 0x0000000089600000|  0%| F|  |TAMS 0x0000000089500000, 0x0000000089500000| Untracked 
| 114|0x0000000089600000, 0x0000000089600000, 0x0000000089700000|  0%| F|  |TAMS 0x0000000089600000, 0x0000000089600000| Untracked 
| 115|0x0000000089700000, 0x0000000089700000, 0x0000000089800000|  0%| F|  |TAMS 0x0000000089700000, 0x0000000089700000| Untracked 
| 116|0x0000000089800000, 0x0000000089800000, 0x0000000089900000|  0%| F|  |TAMS 0x0000000089800000, 0x0000000089800000| Untracked 
| 117|0x0000000089900000, 0x0000000089900000, 0x0000000089a00000|  0%| F|  |TAMS 0x0000000089900000, 0x0000000089900000| Untracked 
| 118|0x0000000089a00000, 0x0000000089a00000, 0x0000000089b00000|  0%| F|  |TAMS 0x0000000089a00000, 0x0000000089a00000| Untracked 
| 119|0x0000000089b00000, 0x0000000089b00000, 0x0000000089c00000|  0%| F|  |TAMS 0x0000000089b00000, 0x0000000089b00000| Untracked 
| 120|0x0000000089c00000, 0x0000000089c00000, 0x0000000089d00000|  0%| F|  |TAMS 0x0000000089c00000, 0x0000000089c00000| Untracked 
| 121|0x0000000089d00000, 0x0000000089d00000, 0x0000000089e00000|  0%| F|  |TAMS 0x0000000089d00000, 0x0000000089d00000| Untracked 
| 122|0x0000000089e00000, 0x0000000089e00000, 0x0000000089f00000|  0%| F|  |TAMS 0x0000000089e00000, 0x0000000089e00000| Untracked 
| 123|0x0000000089f00000, 0x0000000089f00000, 0x000000008a000000|  0%| F|  |TAMS 0x0000000089f00000, 0x0000000089f00000| Untracked 
| 124|0x000000008a000000, 0x000000008a000000, 0x000000008a100000|  0%| F|  |TAMS 0x000000008a000000, 0x000000008a000000| Untracked 
| 125|0x000000008a100000, 0x000000008a100000, 0x000000008a200000|  0%| F|  |TAMS 0x000000008a100000, 0x000000008a100000| Untracked 
| 126|0x000000008a200000, 0x000000008a200000, 0x000000008a300000|  0%| F|  |TAMS 0x000000008a200000, 0x000000008a200000| Untracked 
| 127|0x000000008a300000, 0x000000008a300000, 0x000000008a400000|  0%| F|  |TAMS 0x000000008a300000, 0x000000008a300000| Untracked 
| 128|0x000000008a400000, 0x000000008a400000, 0x000000008a500000|  0%| F|  |TAMS 0x000000008a400000, 0x000000008a400000| Untracked 
| 129|0x000000008a500000, 0x000000008a500000, 0x000000008a600000|  0%| F|  |TAMS 0x000000008a500000, 0x000000008a500000| Untracked 
| 130|0x000000008a600000, 0x000000008a600000, 0x000000008a700000|  0%| F|  |TAMS 0x000000008a600000, 0x000000008a600000| Untracked 
| 131|0x000000008a700000, 0x000000008a700000, 0x000000008a800000|  0%| F|  |TAMS 0x000000008a700000, 0x000000008a700000| Untracked 
| 132|0x000000008a800000, 0x000000008a800000, 0x000000008a900000|  0%| F|  |TAMS 0x000000008a800000, 0x000000008a800000| Untracked 
| 133|0x000000008a900000, 0x000000008a900000, 0x000000008aa00000|  0%| F|  |TAMS 0x000000008a900000, 0x000000008a900000| Untracked 
| 134|0x000000008aa00000, 0x000000008aa00000, 0x000000008ab00000|  0%| F|  |TAMS 0x000000008aa00000, 0x000000008aa00000| Untracked 
| 135|0x000000008ab00000, 0x000000008ab00000, 0x000000008ac00000|  0%| F|  |TAMS 0x000000008ab00000, 0x000000008ab00000| Untracked 
| 136|0x000000008ac00000, 0x000000008ac00000, 0x000000008ad00000|  0%| F|  |TAMS 0x000000008ac00000, 0x000000008ac00000| Untracked 
| 137|0x000000008ad00000, 0x000000008ad00000, 0x000000008ae00000|  0%| F|  |TAMS 0x000000008ad00000, 0x000000008ad00000| Untracked 
| 138|0x000000008ae00000, 0x000000008ae00000, 0x000000008af00000|  0%| F|  |TAMS 0x000000008ae00000, 0x000000008ae00000| Untracked 
| 139|0x000000008af00000, 0x000000008af00000, 0x000000008b000000|  0%| F|  |TAMS 0x000000008af00000, 0x000000008af00000| Untracked 
| 140|0x000000008b000000, 0x000000008b000000, 0x000000008b100000|  0%| F|  |TAMS 0x000000008b000000, 0x000000008b000000| Untracked 
| 141|0x000000008b100000, 0x000000008b100000, 0x000000008b200000|  0%| F|  |TAMS 0x000000008b100000, 0x000000008b100000| Untracked 
| 142|0x000000008b200000, 0x000000008b200000, 0x000000008b300000|  0%| F|  |TAMS 0x000000008b200000, 0x000000008b200000| Untracked 
| 143|0x000000008b300000, 0x000000008b300000, 0x000000008b400000|  0%| F|  |TAMS 0x000000008b300000, 0x000000008b300000| Untracked 
| 144|0x000000008b400000, 0x000000008b400000, 0x000000008b500000|  0%| F|  |TAMS 0x000000008b400000, 0x000000008b400000| Untracked 
| 145|0x000000008b500000, 0x000000008b500000, 0x000000008b600000|  0%| F|  |TAMS 0x000000008b500000, 0x000000008b500000| Untracked 
| 146|0x000000008b600000, 0x000000008b600000, 0x000000008b700000|  0%| F|  |TAMS 0x000000008b600000, 0x000000008b600000| Untracked 
| 147|0x000000008b700000, 0x000000008b700000, 0x000000008b800000|  0%| F|  |TAMS 0x000000008b700000, 0x000000008b700000| Untracked 
| 148|0x000000008b800000, 0x000000008b800000, 0x000000008b900000|  0%| F|  |TAMS 0x000000008b800000, 0x000000008b800000| Untracked 
| 149|0x000000008b900000, 0x000000008b900000, 0x000000008ba00000|  0%| F|  |TAMS 0x000000008b900000, 0x000000008b900000| Untracked 
| 150|0x000000008ba00000, 0x000000008ba00000, 0x000000008bb00000|  0%| F|  |TAMS 0x000000008ba00000, 0x000000008ba00000| Untracked 
| 151|0x000000008bb00000, 0x000000008bb00000, 0x000000008bc00000|  0%| F|  |TAMS 0x000000008bb00000, 0x000000008bb00000| Untracked 

Card table byte_map: [0x0000021feb740000,0x0000021febb30000] _byte_map_base: 0x0000021feb32e000

Marking Bits (Prev, Next): (CMBitMap*) 0x0000021fd8b26a08, (CMBitMap*) 0x0000021fd8b26a40
 Prev Bits: [0x0000021febf20000, 0x0000021fede90000)
 Next Bits: [0x0000021fede90000, 0x0000021fefe00000)

Polling page: 0x0000021fd6c70000

Metaspace:

Usage:
  Non-class:     45.71 MB capacity,    44.67 MB ( 98%) used,   859.26 KB (  2%) free+waste,   204.75 KB ( <1%) overhead. 
      Class:      7.11 MB capacity,     6.41 MB ( 90%) used,   622.92 KB (  9%) free+waste,   100.81 KB (  1%) overhead. 
       Both:     52.82 MB capacity,    51.08 MB ( 97%) used,     1.45 MB (  3%) free+waste,   305.56 KB ( <1%) overhead. 

Virtual space:
  Non-class space:       46.00 MB reserved,      45.83 MB (>99%) committed 
      Class space:        1.00 GB reserved,       7.13 MB ( <1%) committed 
             Both:        1.04 GB reserved,      52.95 MB (  5%) committed 

Chunk freelists:
   Non-Class:  55.00 KB
       Class:  13.00 KB
        Both:  68.00 KB

MaxMetaspaceSize: 17179869184.00 GB
CompressedClassSpaceSize: 1.00 GB

CodeHeap 'non-profiled nmethods': size=238912Kb used=9473Kb max_used=9473Kb free=229439Kb
 bounds [0x0000021fdca00000, 0x0000021fdd350000, 0x0000021feb350000]
CodeHeap 'non-nmethods': size=6848Kb used=1208Kb max_used=1208Kb free=5639Kb
 bounds [0x0000021fdc350000, 0x0000021fdc5c0000, 0x0000021fdca00000]
 total_blobs=6325 nmethods=5750 adapters=501
 compilation: enabled
              stopped_count=0, restarted_count=0
 full_count=0

Compilation events (20 events):
Event: 20.093 Thread 0x0000021ff2331800 5741       1       sun.security.util.DerInputStream::reset (8 bytes)
Event: 20.093 Thread 0x0000021ff2331800 nmethod 5741 0x0000021fdd33c190 code [0x0000021fdd33c340, 0x0000021fdd33c598]
Event: 20.093 Thread 0x0000021ff2331800 5742       1       sun.security.util.DerValue::init (206 bytes)
Event: 20.094 Thread 0x0000021ff2331800 nmethod 5742 0x0000021fdd33c690 code [0x0000021fdd33c980, 0x0000021fdd33d848]
Event: 20.094 Thread 0x0000021ff2331800 5743       1       sun.security.util.IOUtils::readExactlyNBytes (53 bytes)
Event: 20.094 Thread 0x0000021ff2331800 nmethod 5743 0x0000021fdd33de90 code [0x0000021fdd33e0c0, 0x0000021fdd33e558]
Event: 20.094 Thread 0x0000021ff2331800 5744       1       sun.security.util.DerInputStream::getDefiniteLength (21 bytes)
Event: 20.094 Thread 0x0000021ff2331800 nmethod 5744 0x0000021fdd33e810 code [0x0000021fdd33e9e0, 0x0000021fdd33eb88]
Event: 20.094 Thread 0x0000021ff2331800 5745       1       sun.security.util.DerInputStream::getLength (9 bytes)
Event: 20.094 Thread 0x0000021ff2331800 nmethod 5745 0x0000021fdd33ec90 code [0x0000021fdd33ee40, 0x0000021fdd33ef38]
Event: 20.103 Thread 0x0000021ff2331800 5746       1       java.math.SignedMutableBigInteger::signedAdd (34 bytes)
Event: 20.104 Thread 0x0000021ff2331800 nmethod 5746 0x0000021fdd33f010 code [0x0000021fdd33f1e0, 0x0000021fdd33f318]
Event: 20.104 Thread 0x0000021ff2331800 5747       1       java.math.MutableBigInteger::divWord (108 bytes)
Event: 20.104 Thread 0x0000021ff2331800 nmethod 5747 0x0000021fdd33f410 code [0x0000021fdd33f5c0, 0x0000021fdd33f778]
Event: 20.106 Thread 0x0000021ff2331800 5748       1       sun.security.x509.X509AttributeName::getSuffix (5 bytes)
Event: 20.106 Thread 0x0000021ff2331800 nmethod 5748 0x0000021fdd33f890 code [0x0000021fdd33fa40, 0x0000021fdd33faf8]
Event: 20.121 Thread 0x0000021ff2331800 5749       1       jdk.internal.util.ArraysSupport::mismatch (73 bytes)
Event: 20.122 Thread 0x0000021ff2331800 nmethod 5749 0x0000021fdd33fb90 code [0x0000021fdd33fd60, 0x0000021fdd33ff78]
Event: 20.122 Thread 0x0000021ff2331800 5750       1       sun.security.x509.X509AttributeName::getPrefix (5 bytes)
Event: 20.122 Thread 0x0000021ff2331800 nmethod 5750 0x0000021fdd340110 code [0x0000021fdd3402c0, 0x0000021fdd340378]

GC Heap History (20 events):
Event: 2.964 GC heap after
{Heap after GC invocations=2 (full 0):
 garbage-first heap   total 129024K, used 6398K [0x0000000082400000, 0x0000000100000000)
  region size 1024K, 2 young (2048K), 2 survivors (2048K)
 Metaspace       used 13912K, capacity 14270K, committed 14464K, reserved 1062912K
  class space    used 1458K, capacity 1589K, committed 1664K, reserved 1048576K
}
Event: 3.475 GC heap before
{Heap before GC invocations=2 (full 0):
 garbage-first heap   total 129024K, used 31998K [0x0000000082400000, 0x0000000100000000)
  region size 1024K, 28 young (28672K), 2 survivors (2048K)
 Metaspace       used 17221K, capacity 17691K, committed 18048K, reserved 1064960K
  class space    used 1893K, capacity 2056K, committed 2176K, reserved 1048576K
}
Event: 3.481 GC heap after
{Heap after GC invocations=3 (full 0):
 garbage-first heap   total 129024K, used 7299K [0x0000000082400000, 0x0000000100000000)
  region size 1024K, 3 young (3072K), 3 survivors (3072K)
 Metaspace       used 17221K, capacity 17691K, committed 18048K, reserved 1064960K
  class space    used 1893K, capacity 2056K, committed 2176K, reserved 1048576K
}
Event: 4.068 GC heap before
{Heap before GC invocations=3 (full 0):
 garbage-first heap   total 129024K, used 24707K [0x0000000082400000, 0x0000000100000000)
  region size 1024K, 21 young (21504K), 3 survivors (3072K)
 Metaspace       used 20531K, capacity 21175K, committed 21296K, reserved 1069056K
  class space    used 2379K, capacity 2635K, committed 2688K, reserved 1048576K
}
Event: 4.078 GC heap after
{Heap after GC invocations=4 (full 0):
 garbage-first heap   total 129024K, used 8322K [0x0000000082400000, 0x0000000100000000)
  region size 1024K, 4 young (4096K), 4 survivors (4096K)
 Metaspace       used 20531K, capacity 21175K, committed 21296K, reserved 1069056K
  class space    used 2379K, capacity 2635K, committed 2688K, reserved 1048576K
}
Event: 5.235 GC heap before
{Heap before GC invocations=5 (full 0):
 garbage-first heap   total 129024K, used 51330K [0x0000000082400000, 0x0000000100000000)
  region size 1024K, 47 young (48128K), 4 survivors (4096K)
 Metaspace       used 24989K, capacity 25889K, committed 26160K, reserved 1073152K
  class space    used 2986K, capacity 3356K, committed 3456K, reserved 1048576K
}
Event: 5.243 GC heap after
{Heap after GC invocations=6 (full 0):
 garbage-first heap   total 129024K, used 10522K [0x0000000082400000, 0x0000000100000000)
  region size 1024K, 5 young (5120K), 5 survivors (5120K)
 Metaspace       used 24989K, capacity 25889K, committed 26160K, reserved 1073152K
  class space    used 2986K, capacity 3356K, committed 3456K, reserved 1048576K
}
Event: 6.158 GC heap before
{Heap before GC invocations=6 (full 0):
 garbage-first heap   total 129024K, used 69914K [0x0000000082400000, 0x0000000100000000)
  region size 1024K, 63 young (64512K), 5 survivors (5120K)
 Metaspace       used 30752K, capacity 31877K, committed 31920K, reserved 1077248K
  class space    used 3836K, capacity 4315K, committed 4352K, reserved 1048576K
}
Event: 6.169 GC heap after
{Heap after GC invocations=7 (full 0):
 garbage-first heap   total 129024K, used 13815K [0x0000000082400000, 0x0000000100000000)
  region size 1024K, 8 young (8192K), 8 survivors (8192K)
 Metaspace       used 30752K, capacity 31877K, committed 31920K, reserved 1077248K
  class space    used 3836K, capacity 4315K, committed 4352K, reserved 1048576K
}
Event: 6.633 GC heap before
{Heap before GC invocations=7 (full 0):
 garbage-first heap   total 129024K, used 82423K [0x0000000082400000, 0x0000000100000000)
  region size 1024K, 75 young (76800K), 8 survivors (8192K)
 Metaspace       used 34245K, capacity 35570K, committed 35760K, reserved 1081344K
  class space    used 4222K, capacity 4757K, committed 4864K, reserved 1048576K
}
Event: 6.648 GC heap after
{Heap after GC invocations=8 (full 0):
 garbage-first heap   total 129024K, used 18802K [0x0000000082400000, 0x0000000100000000)
  region size 1024K, 9 young (9216K), 9 survivors (9216K)
 Metaspace       used 34245K, capacity 35570K, committed 35760K, reserved 1081344K
  class space    used 4222K, capacity 4757K, committed 4864K, reserved 1048576K
}
Event: 6.718 GC heap before
{Heap before GC invocations=8 (full 0):
 garbage-first heap   total 129024K, used 30066K [0x0000000082400000, 0x0000000100000000)
  region size 1024K, 22 young (22528K), 9 survivors (9216K)
 Metaspace       used 34542K, capacity 35814K, committed 35920K, reserved 1081344K
  class space    used 4263K, capacity 4796K, committed 4864K, reserved 1048576K
}
Event: 6.728 GC heap after
{Heap after GC invocations=9 (full 0):
 garbage-first heap   total 155648K, used 18689K [0x0000000082400000, 0x0000000100000000)
  region size 1024K, 5 young (5120K), 5 survivors (5120K)
 Metaspace       used 34542K, capacity 35814K, committed 35920K, reserved 1081344K
  class space    used 4263K, capacity 4796K, committed 4864K, reserved 1048576K
}
Event: 7.526 GC heap before
{Heap before GC invocations=10 (full 0):
 garbage-first heap   total 155648K, used 102657K [0x0000000082400000, 0x0000000100000000)
  region size 1024K, 87 young (89088K), 5 survivors (5120K)
 Metaspace       used 40128K, capacity 41593K, committed 41808K, reserved 1085440K
  class space    used 5016K, capacity 5603K, committed 5632K, reserved 1048576K
}
Event: 7.537 GC heap after
{Heap after GC invocations=11 (full 0):
 garbage-first heap   total 155648K, used 23306K [0x0000000082400000, 0x0000000100000000)
  region size 1024K, 10 young (10240K), 10 survivors (10240K)
 Metaspace       used 40128K, capacity 41593K, committed 41808K, reserved 1085440K
  class space    used 5016K, capacity 5603K, committed 5632K, reserved 1048576K
}
Event: 7.886 GC heap before
{Heap before GC invocations=11 (full 0):
 garbage-first heap   total 155648K, used 106250K [0x0000000082400000, 0x0000000100000000)
  region size 1024K, 91 young (93184K), 10 survivors (10240K)
 Metaspace       used 41310K, capacity 42777K, committed 43088K, reserved 1087488K
  class space    used 5181K, capacity 5782K, committed 5888K, reserved 1048576K
}
Event: 7.901 GC heap after
{Heap after GC invocations=12 (full 0):
 garbage-first heap   total 155648K, used 26432K [0x0000000082400000, 0x0000000100000000)
  region size 1024K, 9 young (9216K), 9 survivors (9216K)
 Metaspace       used 41310K, capacity 42777K, committed 43088K, reserved 1087488K
  class space    used 5181K, capacity 5782K, committed 5888K, reserved 1048576K
}
Event: 8.646 GC heap before
{Heap before GC invocations=12 (full 0):
 garbage-first heap   total 155648K, used 110400K [0x0000000082400000, 0x0000000100000000)
  region size 1024K, 91 young (93184K), 9 survivors (9216K)
 Metaspace       used 45117K, capacity 46860K, committed 47056K, reserved 1089536K
  class space    used 5753K, capacity 6437K, committed 6528K, reserved 1048576K
}
Event: 8.668 GC heap after
{Heap after GC invocations=13 (full 0):
 garbage-first heap   total 155648K, used 33041K [0x0000000082400000, 0x0000000100000000)
  region size 1024K, 10 young (10240K), 10 survivors (10240K)
 Metaspace       used 45117K, capacity 46860K, committed 47056K, reserved 1089536K
  class space    used 5753K, capacity 6437K, committed 6528K, reserved 1048576K
}
Event: 20.161 GC heap before
{Heap before GC invocations=13 (full 0):
 garbage-first heap   total 155648K, used 114961K [0x0000000082400000, 0x0000000100000000)
  region size 1024K, 91 young (93184K), 10 survivors (10240K)
 Metaspace       used 52304K, capacity 54092K, committed 54224K, reserved 1095680K
  class space    used 6559K, capacity 7283K, committed 7296K, reserved 1048576K
}

Deoptimization events (6 events):
Event: 7.097 Thread 0x0000021ff3704800 DEOPT PACKING pc=0x0000021fdcd349af sp=0x000000d9dcafb5d0
Event: 7.097 Thread 0x0000021ff3704800 DEOPT UNPACKING pc=0x0000021fdc3772ce sp=0x000000d9dcafaad8 mode 3
Event: 7.097 Thread 0x0000021ff3704800 DEOPT PACKING pc=0x0000021fdcd31b81 sp=0x000000d9dcafb5a0
Event: 7.098 Thread 0x0000021ff3704800 DEOPT UNPACKING pc=0x0000021fdc3772ce sp=0x000000d9dcafaad8 mode 3
Event: 7.862 Thread 0x0000021ff3704800 DEOPT PACKING pc=0x0000021fdcd3ceec sp=0x000000d9dcaf9dd0
Event: 7.862 Thread 0x0000021ff3704800 DEOPT UNPACKING pc=0x0000021fdc3772ce sp=0x000000d9dcaf9338 mode 0

Classes redefined (0 events):
No events

Internal exceptions (20 events):
Event: 8.777 Thread 0x0000021ff3704800 Exception <a 'java/lang/ClassNotFoundException'{0x000000008b1432b8}: org/springframework/boot/devtools/livereload/LiveReloadServerCustomizer> (0x000000008b1432b8) thrown at [./src/hotspot/share/classfile/systemDictionary.cpp, line 231]
Event: 8.777 Thread 0x0000021ff3704800 Exception <a 'java/lang/ClassNotFoundException'{0x000000008b14ee28}: java/lang/ObjectCustomizer> (0x000000008b14ee28) thrown at [./src/hotspot/share/classfile/systemDictionary.cpp, line 231]
Event: 8.778 Thread 0x0000021ff3704800 Exception <a 'java/lang/ClassNotFoundException'{0x000000008b161300}: org/springframework/boot/devtools/autoconfigure/OptionalLiveReloadServerCustomizer> (0x000000008b161300) thrown at [./src/hotspot/share/classfile/systemDictionary.cpp, line 231]
Event: 8.778 Thread 0x0000021ff3704800 Exception <a 'java/lang/ClassNotFoundException'{0x000000008b170bc8}: org/springframework/beans/factory/InitializingBeanCustomizer> (0x000000008b170bc8) thrown at [./src/hotspot/share/classfile/systemDictionary.cpp, line 231]
Event: 8.781 Thread 0x0000021ff3704800 Exception <a 'java/lang/ClassNotFoundException'{0x000000008b0022c8}: java/lang/ObjectCustomizer> (0x000000008b0022c8) thrown at [./src/hotspot/share/classfile/systemDictionary.cpp, line 231]
Event: 8.781 Thread 0x0000021ff3704800 Exception <a 'java/lang/ClassNotFoundException'{0x000000008b018108}: org/springframework/boot/devtools/autoconfigure/LocalDevToolsAutoConfiguration$LiveReloadServerEventListenerCustomizer> (0x000000008b018108) thrown at [./src/hotspot/share/classfile/systemDictionary.cpp, line 231]
Event: 8.782 Thread 0x0000021ff3704800 Exception <a 'java/lang/ClassNotFoundException'{0x000000008b02bab8}: org/springframework/context/event/GenericApplicationListenerCustomizer> (0x000000008b02bab8) thrown at [./src/hotspot/share/classfile/systemDictionary.cpp, line 231]
Event: 8.782 Thread 0x0000021ff3704800 Exception <a 'java/lang/ClassNotFoundException'{0x000000008b03adb0}: org/springframework/context/event/SmartApplicationListenerCustomizer> (0x000000008b03adb0) thrown at [./src/hotspot/share/classfile/systemDictionary.cpp, line 231]
Event: 8.782 Thread 0x0000021ff3704800 Exception <a 'java/lang/ClassNotFoundException'{0x000000008b04a560}: org/springframework/context/ApplicationListenerCustomizer> (0x000000008b04a560) thrown at [./src/hotspot/share/classfile/systemDictionary.cpp, line 231]
Event: 8.782 Thread 0x0000021ff3704800 Exception <a 'java/lang/ClassNotFoundException'{0x000000008b04d860}: java/util/EventListenerCustomizer> (0x000000008b04d860) thrown at [./src/hotspot/share/classfile/systemDictionary.cpp, line 231]
Event: 8.783 Thread 0x0000021ff3704800 Exception <a 'java/lang/ClassNotFoundException'{0x000000008b058ae0}: org/springframework/core/OrderedCustomizer> (0x000000008b058ae0) thrown at [./src/hotspot/share/classfile/systemDictionary.cpp, line 231]
Event: 8.783 Thread 0x0000021ff3704800 Exception <a 'java/lang/ClassNotFoundException'{0x000000008b0628e0}: java/lang/ObjectCustomizer> (0x000000008b0628e0) thrown at [./src/hotspot/share/classfile/systemDictionary.cpp, line 231]
Event: 8.784 Thread 0x0000021ff3704800 Exception <a 'java/lang/ClassNotFoundException'{0x000000008b0755a0}: org/springframework/boot/devtools/autoconfigure/LocalDevToolsAutoConfigurationCustomizer> (0x000000008b0755a0) thrown at [./src/hotspot/share/classfile/systemDictionary.cpp, line 231]
Event: 8.804 Thread 0x0000021ff3704800 Exception <a 'java/lang/NoSuchMethodError'{0x000000008afa21d0}: 'java.lang.Object java.lang.invoke.DirectMethodHandle$Holder.invokeSpecial(java.lang.Object, java.lang.Object, int, java.lang.Object, int, java.lang.Object)'> (0x000000008afa21d0) thrown at [./src/hotspot/share/interpreter/linkResolver.cpp, line 773]
Event: 8.805 Thread 0x0000021ff3704800 Exception <a 'java/lang/NoSuchMethodError'{0x000000008afa9960}: 'java.lang.Object java.lang.invoke.DirectMethodHandle$Holder.invokeStatic(java.lang.Object, java.lang.Object, int, java.lang.Object, int)'> (0x000000008afa9960) thrown at [./src/hotspot/share/interpreter/linkResolver.cpp, line 773]
Event: 8.805 Thread 0x0000021ff3704800 Exception <a 'java/lang/NoSuchMethodError'{0x000000008afad140}: 'java.lang.Object java.lang.invoke.DirectMethodHandle$Holder.invokeSpecial(java.lang.Object, java.lang.Object, java.lang.Object, int, java.lang.Object, int)'> (0x000000008afad140) thrown at [./src/hotspot/share/interpreter/linkResolver.cpp, line 773]
Event: 8.806 Thread 0x0000021ff3704800 Exception <a 'java/lang/NoSuchMethodError'{0x000000008afb6f58}: 'void java.lang.invoke.DirectMethodHandle$Holder.invokeVirtual(java.lang.Object, java.lang.Object)'> (0x000000008afb6f58) thrown at [./src/hotspot/share/interpreter/linkResolver.cpp, line 773]
Event: 19.834 Thread 0x0000021ff4d80800 Exception <a 'java/lang/ClassNotFoundException'{0x00000000897e38f8}: java/util/MapBeanInfo> (0x00000000897e38f8) thrown at [./src/hotspot/share/classfile/systemDictionary.cpp, line 231]
Event: 19.835 Thread 0x0000021ff4d80800 Exception <a 'java/lang/ClassNotFoundException'{0x00000000897e8450}: java/util/MapCustomizer> (0x00000000897e8450) thrown at [./src/hotspot/share/classfile/systemDictionary.cpp, line 231]
Event: 19.995 Thread 0x0000021ff4d80800 Exception <a 'sun/nio/fs/WindowsException'{0x0000000088d52998}> (0x0000000088d52998) thrown at [./src/hotspot/share/prims/jni.cpp, line 615]

Events (20 events):
Event: 20.072 loading class com/sun/security/sasl/Provider$ProviderService done
Event: 20.072 loading class sun/security/provider/certpath/ldap/JdkLDAP
Event: 20.072 loading class sun/security/provider/certpath/ldap/JdkLDAP done
Event: 20.072 loading class sun/security/provider/certpath/ldap/JdkLDAP$1
Event: 20.072 loading class sun/security/provider/certpath/ldap/JdkLDAP$1 done
Event: 20.072 loading class sun/security/provider/certpath/ldap/JdkLDAP$ProviderService
Event: 20.072 loading class sun/security/provider/certpath/ldap/JdkLDAP$ProviderService done
Event: 20.092 Executing VM operation: RevokeBias
Event: 20.092 Executing VM operation: RevokeBias done
Event: 20.098 Executing VM operation: RevokeBias
Event: 20.098 Executing VM operation: RevokeBias done
Event: 20.122 Executing VM operation: RevokeBias
Event: 20.122 Executing VM operation: RevokeBias done
Event: 20.123 Executing VM operation: RevokeBias
Event: 20.123 Executing VM operation: RevokeBias done
Event: 20.149 loading class sun/security/util/ManifestEntryVerifier$SunProviderHolder
Event: 20.149 loading class sun/security/util/ManifestEntryVerifier$SunProviderHolder done
Event: 20.150 loading class org/bouncycastle/jce/provider/BouncyCastleProvider
Event: 20.150 loading class org/bouncycastle/jce/provider/BouncyCastleProvider done
Event: 20.161 Executing VM operation: G1CollectForAllocation


Dynamic libraries:
0x00007ff77f350000 - 0x00007ff77f35a000 	D:\IntelliJ IDEA 2020.2.3\jbr\bin\java.exe
0x00007ff9ab4f0000 - 0x00007ff9ab6e5000 	C:\WINDOWS\SYSTEM32\ntdll.dll
0x00007ff9a9fb0000 - 0x00007ff9aa06d000 	C:\WINDOWS\System32\KERNEL32.DLL
0x00007ff9a9200000 - 0x00007ff9a94c9000 	C:\WINDOWS\System32\KERNELBASE.dll
0x00007ff9a9080000 - 0x00007ff9a9180000 	C:\WINDOWS\System32\ucrtbase.dll
0x00007ff9a0400000 - 0x00007ff9a0419000 	D:\IntelliJ IDEA 2020.2.3\jbr\bin\jli.dll
0x00007ff9ab310000 - 0x00007ff9ab4b0000 	C:\WINDOWS\System32\USER32.dll
0x00007ff9a8e90000 - 0x00007ff9a8eb2000 	C:\WINDOWS\System32\win32u.dll
0x00007ff9aaed0000 - 0x00007ff9aaefa000 	C:\WINDOWS\System32\GDI32.dll
0x00007ff9a8cd0000 - 0x00007ff9a8ddb000 	C:\WINDOWS\System32\gdi32full.dll
0x00007ff9a8c30000 - 0x00007ff9a8ccd000 	C:\WINDOWS\System32\msvcp_win.dll
0x00007ff9a3e50000 - 0x00007ff9a3e67000 	D:\IntelliJ IDEA 2020.2.3\jbr\bin\VCRUNTIME140.dll
0x00007ff9924a0000 - 0x00007ff99273a000 	C:\WINDOWS\WinSxS\amd64_microsoft.windows.common-controls_6595b64144ccf1df_6.0.19041.844_none_ca00b6081b84eb1d\COMCTL32.dll
0x00007ff9aa650000 - 0x00007ff9aa6ee000 	C:\WINDOWS\System32\msvcrt.dll
0x00007ff9a9f70000 - 0x00007ff9a9fa0000 	C:\WINDOWS\System32\IMM32.DLL
0x00007ff991a80000 - 0x00007ff991b1d000 	D:\IntelliJ IDEA 2020.2.3\jbr\bin\msvcp140.dll
0x00007ff9612b0000 - 0x00007ff961d7e000 	D:\IntelliJ IDEA 2020.2.3\jbr\bin\server\jvm.dll
0x00007ff9a96a0000 - 0x00007ff9a974c000 	C:\WINDOWS\System32\ADVAPI32.dll
0x00007ff9aafc0000 - 0x00007ff9ab05c000 	C:\WINDOWS\System32\sechost.dll
0x00007ff9a9550000 - 0x00007ff9a967b000 	C:\WINDOWS\System32\RPCRT4.dll
0x00007ff9a9f60000 - 0x00007ff9a9f68000 	C:\WINDOWS\System32\PSAPI.DLL
0x00007ff993e10000 - 0x00007ff993e19000 	C:\WINDOWS\SYSTEM32\WSOCK32.dll
0x00007ff9aa070000 - 0x00007ff9aa0db000 	C:\WINDOWS\System32\WS2_32.dll
0x00007ff997250000 - 0x00007ff997277000 	C:\WINDOWS\SYSTEM32\WINMM.dll
0x00007ff99e140000 - 0x00007ff99e14a000 	C:\WINDOWS\SYSTEM32\VERSION.dll
0x00007ff9a7500000 - 0x00007ff9a7512000 	C:\WINDOWS\SYSTEM32\kernel.appcore.dll
0x00007ff9a3e10000 - 0x00007ff9a3e21000 	D:\IntelliJ IDEA 2020.2.3\jbr\bin\verify.dll
0x00007ff9a71c0000 - 0x00007ff9a73a4000 	C:\WINDOWS\SYSTEM32\DBGHELP.DLL
0x00007ff98cbe0000 - 0x00007ff98cc0c000 	C:\WINDOWS\SYSTEM32\dbgcore.DLL
0x00007ff9a94d0000 - 0x00007ff9a9550000 	C:\WINDOWS\System32\bcryptPrimitives.dll
0x00007ff9a3de0000 - 0x00007ff9a3e09000 	D:\IntelliJ IDEA 2020.2.3\jbr\bin\java.dll
0x00007ff9a3dd0000 - 0x00007ff9a3ddb000 	D:\IntelliJ IDEA 2020.2.3\jbr\bin\jimage.dll
0x00007ff9a0640000 - 0x00007ff9a064f000 	D:\IntelliJ IDEA 2020.2.3\jbr\bin\instrument.dll
0x00007ff9a3db0000 - 0x00007ff9a3dc8000 	D:\IntelliJ IDEA 2020.2.3\jbr\bin\zip.dll
0x00007ff9aa6f0000 - 0x00007ff9aae32000 	C:\WINDOWS\System32\SHELL32.dll
0x00007ff9a6960000 - 0x00007ff9a70f0000 	C:\WINDOWS\SYSTEM32\windows.storage.dll
0x00007ff9aa0e0000 - 0x00007ff9aa435000 	C:\WINDOWS\System32\combase.dll
0x00007ff9a8500000 - 0x00007ff9a852c000 	C:\WINDOWS\SYSTEM32\Wldp.dll
0x00007ff9ab250000 - 0x00007ff9ab2fe000 	C:\WINDOWS\System32\SHCORE.dll
0x00007ff9a9750000 - 0x00007ff9a97a5000 	C:\WINDOWS\System32\shlwapi.dll
0x00007ff9a8b70000 - 0x00007ff9a8b8f000 	C:\WINDOWS\SYSTEM32\profapi.dll
0x00007ff9a3d90000 - 0x00007ff9a3daa000 	D:\IntelliJ IDEA 2020.2.3\jbr\bin\net.dll
0x00007ff9a01b0000 - 0x00007ff9a02bc000 	C:\WINDOWS\SYSTEM32\WINHTTP.dll
0x00007ff9a82f0000 - 0x00007ff9a835a000 	C:\WINDOWS\system32\mswsock.dll
0x00007ff9a3820000 - 0x00007ff9a3834000 	D:\IntelliJ IDEA 2020.2.3\jbr\bin\nio.dll
0x00007ff98d8e0000 - 0x00007ff98d8fa000 	D:\IntelliJ IDEA 2020.2.3\bin\breakgen64.dll
0x00007ff9a8040000 - 0x00007ff9a810b000 	C:\WINDOWS\SYSTEM32\DNSAPI.dll
0x00007ff9a8000000 - 0x00007ff9a803b000 	C:\WINDOWS\SYSTEM32\IPHLPAPI.DLL
0x00007ff9ab300000 - 0x00007ff9ab308000 	C:\WINDOWS\System32\NSI.dll
0x00007ff999aa0000 - 0x00007ff999aaa000 	C:\Windows\System32\rasadhlp.dll
0x00007ff9a02d0000 - 0x00007ff9a034f000 	C:\WINDOWS\System32\fwpuclnt.dll
0x00007ff9a9180000 - 0x00007ff9a91a7000 	C:\WINDOWS\System32\bcrypt.dll
0x00007ff9a3640000 - 0x00007ff9a364a000 	D:\IntelliJ IDEA 2020.2.3\jbr\bin\management.dll
0x00007ff9a3630000 - 0x00007ff9a363c000 	D:\IntelliJ IDEA 2020.2.3\jbr\bin\management_ext.dll
0x00007ff9a8540000 - 0x00007ff9a8558000 	C:\WINDOWS\SYSTEM32\CRYPTSP.dll
0x00007ff9a7cb0000 - 0x00007ff9a7ce4000 	C:\WINDOWS\system32\rsaenh.dll
0x00007ff9a8af0000 - 0x00007ff9a8b1e000 	C:\WINDOWS\SYSTEM32\USERENV.dll
0x00007ff9a8470000 - 0x00007ff9a847c000 	C:\WINDOWS\SYSTEM32\CRYPTBASE.dll
0x00007ff9a6370000 - 0x00007ff9a6387000 	C:\WINDOWS\SYSTEM32\dhcpcsvc6.DLL
0x00007ff9a6350000 - 0x00007ff9a636d000 	C:\WINDOWS\SYSTEM32\dhcpcsvc.DLL
0x00007ff995e30000 - 0x00007ff995e47000 	C:\WINDOWS\system32\napinsp.dll
0x00007ff9951d0000 - 0x00007ff9951eb000 	C:\WINDOWS\system32\pnrpnsp.dll
0x00007ff991560000 - 0x00007ff991575000 	C:\WINDOWS\system32\wshbth.dll
0x00007ff9a4f10000 - 0x00007ff9a4f2d000 	C:\WINDOWS\system32\NLAapi.dll
0x00007ff991540000 - 0x00007ff991552000 	C:\WINDOWS\System32\winrnr.dll
0x00007ff9a3240000 - 0x00007ff9a3268000 	D:\IntelliJ IDEA 2020.2.3\jbr\bin\sunec.dll
0x000000006eeb0000 - 0x000000006eefe000 	C:\WINDOWS\SYSTEM32\symsrv.dll

dbghelp: loaded successfully - version: 4.0.5 - missing functions: none
symbol engine: initialized successfully - sym options: 0x614 - pdb path: .;D:\IntelliJ IDEA 2020.2.3\jbr\bin;C:\WINDOWS\SYSTEM32;C:\WINDOWS\WinSxS\amd64_microsoft.windows.common-controls_6595b64144ccf1df_6.0.19041.844_none_ca00b6081b84eb1d;D:\IntelliJ IDEA 2020.2.3\jbr\bin\server;D:\IntelliJ IDEA 2020.2.3\bin

VM Arguments:
jvm_args: -XX:TieredStopAtLevel=1 -Xverify:none -Dspring.output.ansi.enabled=always -Dcom.sun.management.jmxremote -Dspring.jmx.enabled=true -Dspring.liveBeansView.mbeanDomain -Dspring.application.admin.enabled=true -javaagent:D:\IntelliJ IDEA 2020.2.3\lib\idea_rt.jar=12966:D:\IntelliJ IDEA 2020.2.3\bin -Dfile.encoding=UTF-8 
java_command: com.gm.gmreader.GmreaderApplication
java_class_path (initial): F:\vueproject\gmreader-back\target\classes;D:\maven\repository\org\springframework\boot\spring-boot-starter-security\2.4.4\spring-boot-starter-security-2.4.4.jar;D:\maven\repository\org\springframework\boot\spring-boot-starter\2.4.4\spring-boot-starter-2.4.4.jar;D:\maven\repository\org\springframework\boot\spring-boot-starter-logging\2.4.4\spring-boot-starter-logging-2.4.4.jar;D:\maven\repository\ch\qos\logback\logback-classic\1.2.3\logback-classic-1.2.3.jar;D:\maven\repository\ch\qos\logback\logback-core\1.2.3\logback-core-1.2.3.jar;D:\maven\repository\org\apache\logging\log4j\log4j-to-slf4j\2.13.3\log4j-to-slf4j-2.13.3.jar;D:\maven\repository\org\apache\logging\log4j\log4j-api\2.13.3\log4j-api-2.13.3.jar;D:\maven\repository\org\slf4j\jul-to-slf4j\1.7.30\jul-to-slf4j-1.7.30.jar;D:\maven\repository\jakarta\annotation\jakarta.annotation-api\1.3.5\jakarta.annotation-api-1.3.5.jar;D:\maven\repository\org\yaml\snakeyaml\1.27\snakeyaml-1.27.jar;D:\maven\repository\org\springframework\spring-aop\5.3.5\spring-aop-5.3.5.jar;D:\maven\repository\org\springframework\spring-beans\5.3.5\spring-beans-5.3.5.jar;D:\maven\repository\org\springframework\security\spring-security-config\5.4.5\spring-security-config-5.4.5.jar;D:\maven\repository\org\springframework\spring-context\5.3.5\spring-context-5.3.5.jar;D:\maven\repository\org\springframework\security\spring-security-web\5.4.5\spring-security-web-5.4.5.jar;D:\maven\repository\org\springframework\spring-expression\5.3.5\spring-expression-5.3.5.jar;D:\maven\repository\org\springframework\boot\spring-boot-starter-web\2.4.4\spring-boot-starter-web-2.4.4.jar;D:\maven\repository\org\springframework\boot\spring-boot-starter-json\2.4.4\spring-boot-starter-json-2.4.4.jar;D:\maven\repository\com\fasterxml\jackson\core\jackson-databind\2.11.4\jackson-databind-2.11.4.jar;D:\maven\repository\com\fasterxml\jackson\core\jackson-core\2.11.4\jackson-core-2.11.4.jar;D:\maven\repository\com\fasterxml\jackson\datatype\ja
Launcher Type: SUN_STANDARD

[Global flags]
     bool BytecodeVerificationLocal                = false                                     {product} {command line}
     bool BytecodeVerificationRemote               = false                                     {product} {command line}
     intx CICompilerCount                          = 3                                         {product} {ergonomic}
     uint ConcGCThreads                            = 1                                         {product} {ergonomic}
     uint G1ConcRefinementThreads                  = 4                                         {product} {ergonomic}
   size_t G1HeapRegionSize                         = 1048576                                   {product} {ergonomic}
    uintx GCDrainStackTargetSize                   = 64                                        {product} {ergonomic}
   size_t InitialHeapSize                          = 132120576                                 {product} {ergonomic}
     bool ManagementServer                         = true                                      {product} {command line}
   size_t MarkStackSize                            = 4194304                                   {product} {ergonomic}
   size_t MaxHeapSize                              = 2109734912                                {product} {ergonomic}
   size_t MaxNewSize                               = 1265631232                                {product} {ergonomic}
   size_t MinHeapDeltaBytes                        = 1048576                                   {product} {ergonomic}
    uintx NonNMethodCodeHeapSize                   = 6973028                                {pd product} {ergonomic}
    uintx NonProfiledCodeHeapSize                  = 244685212                              {pd product} {ergonomic}
    uintx ProfiledCodeHeapSize                     = 0                                      {pd product} {ergonomic}
    uintx ReservedCodeCacheSize                    = 251658240                              {pd product} {ergonomic}
     bool SegmentedCodeCache                       = true                                      {product} {ergonomic}
     intx TieredStopAtLevel                        = 1                                         {product} {command line}
     bool UseCompressedClassPointers               = true                                 {lp64_product} {ergonomic}
     bool UseCompressedOops                        = true                                 {lp64_product} {ergonomic}
     bool UseG1GC                                  = true                                      {product} {ergonomic}
     bool UseLargePagesIndividualAllocation        = false                                  {pd product} {ergonomic}

Logging:
Log output configuration:
 #0: stdout all=warning uptime,level,tags
 #1: stderr all=off uptime,level,tags

Environment Variables:
JAVA_HOME=D:\jdk11
CLASSPATH=.;D:\jdk11\lib;D:\jdk11\lib\tool.jar;
PATH=system32;C:\Program Files (x86)\Common Files\Intel\Shared Files\cpp\bin\Intel64;C:\Program Files (x86)\Common Files\Oracle\Java\javapath;C:\WINDOWS;C:\WINDOWS\System32\Wbem;C:\WINDOWS\System32\WindowsPowerShell\v1.0\;C:\WINDOWS\System32\OpenSSH\;C:\Program Files\dotnet\;D:\opencv\build\x64\vc15\bin;C:\Program Files\Microsoft SQL Server\120\DTS\Binn\;C:\Program Files\Microsoft SQL Server\Client SDK\ODBC\110\Tools\Binn\;C:\Program Files (x86)\Microsoft SQL Server\120\Tools\Binn\;C:\Program Files\Microsoft SQL Server\120\Tools\Binn\;C:\Program Files (x86)\Microsoft SQL Server\120\Tools\Binn\ManagementStudio\;C:\Program Files (x86)\Microsoft SQL Server\120\DTS\Binn\;C:\WINDOWS\system32;C:\Program Files (x86)\Intel\Intel(R) Management Engine Components\DAL;C:\Program Files\Intel\Intel(R) Management Engine Components\DAL;C:\Program Files (x86)\Intel\Intel(R) Management Engine Components\IPT;C:\Program Files\Intel\Intel(R) Management Engine Components\IPT;C:\Program Files\Intel\WiFi\bin\;C:\Program Files\Common Files\Intel\WirelessCommon\;D:\MATLAB\R2017b\runtime\win64;D:\MATLAB\R2017b\bin;C:\Program Files\Microsoft SQL Server\130\Tools\Binn\;D:\gcc\bin;D:\jdk11\bin;D:\jdk11\jre\bin;D:\jre8\bin;D:\jdk8\bin;D:\Qt\Qt5.9.2\5.9.2\msvc2017_64\bin;D:\Qt\Qt5.9.2\Tools\QtCreator\bin;D:\git\Git\cmd;D:\ffmpeg\bin;D:\libcurl\bin;C:\Program Files (x86)\NVIDIA Corporation\PhysX\Common;C:\Program Files\NVIDIA Corporation\NVIDIA NvDLISR;D:\python3.7;D:\python3.7\Scripts;D:\Python36_64;D:\Python36_64\Scripts;D:\sqllite;D:\openssl_lib\bin;E:\soft\ultraedit;E:\xshell\;C:\Users\22372\AppData\Roaming\npm;D:\miniservice\apache-maven-3.3.9\bin;D:\apache-tomcat-7.0.107;D:\lua\5.1;D:\lua\5.1\clibs;C:\Program Files (x86)\dotnet\;C:\Program Files\Docker\Docker\resources\bin;C:\ProgramData\DockerDesktop\version-bin;D:\nodejs\;C:\WINDOWS\system32;C:\WINDOWS;C:\WINDOWS\System32\Wbem;C:\WINDOWS\System32\WindowsPowerShell\v1.0\;C:\WINDOWS\System32\OpenSSH\;C:\Program Files\MySQL\MySQL Shell 8.0\bin\;D
USERNAME=22372
OS=Windows_NT
PROCESSOR_IDENTIFIER=Intel64 Family 6 Model 142 Stepping 9, GenuineIntel



---------------  S Y S T E M  ---------------

OS: Windows 10 , 64 bit Build 19041 (10.0.19041.804)
OS uptime: 0 days 4:41 hours
HyperV virtualization detected

CPU:total 4 (initial active 4) (2 cores per cpu, 2 threads per core) family 6 model 142 stepping 9, cmov, cx8, fxsr, mmx, sse, sse2, sse3, ssse3, sse4.1, sse4.2, popcnt, avx, avx2, aes, clmul, erms, 3dnowpref, lzcnt, ht, tsc, tscinvbit, bmi1, bmi2, adx, fma

Memory: 4k page, system-wide physical 8043M (1198M free)
TotalPageFile size 11043M (AvailPageFile size 12M)
current process WorkingSet (physical memory assigned to process): 266M, peak: 266M
current process commit charge ("private bytes"): 303M, peak: 334M

vm_info: OpenJDK 64-Bit Server VM (11.0.9+11-b944.49) for windows-amd64 JRE (11.0.9+11-b944.49), built on Nov 21 2020 13:01:57 by "" with MS VC++ 14.0 (VS2015)

END.
